{
  "stats": {
    "suites": 1,
    "tests": 24,
    "passes": 24,
    "pending": 0,
    "failures": 0,
    "start": "2022-09-04T17:50:23.493Z",
    "end": "2022-09-04T17:56:39.075Z",
    "duration": 375582,
    "testsRegistered": 24,
    "passPercent": 100,
    "pendingPercent": 0,
    "other": 0,
    "hasOther": false,
    "skipped": 0,
    "hasSkipped": false
  },
  "results": [
    {
      "uuid": "1967c7b9-9741-4338-b7d3-58f2484f41ec",
      "title": "",
      "fullFile": "cypress\\integration\\navigation\\burgerNav.js",
      "file": "cypress\\integration\\navigation\\burgerNav.js",
      "beforeHooks": [],
      "afterHooks": [],
      "tests": [],
      "suites": [
        {
          "uuid": "98c9f3ad-d02e-41c3-83bc-33a92a8b7869",
          "title": "Burger Navigation",
          "fullFile": "",
          "file": "",
          "beforeHooks": [],
          "afterHooks": [],
          "tests": [
            {
              "title": "Verifying Company / About Drata : Plus pm screen element contains: Learn about working",
              "fullTitle": "Burger Navigation Verifying Company / About Drata : Plus pm screen element contains: Learn about working",
              "timedOut": null,
              "duration": 21517,
              "state": "passed",
              "speed": "slow",
              "pass": true,
              "fail": false,
              "pending": false,
              "context": null,
              "code": "cy.visit(\"\");\ncy.navValidation(pair[0], pair[1], pair[2]);",
              "err": {},
              "uuid": "27684e42-d196-4281-b3bc-2f747cb28978",
              "parentUUID": "98c9f3ad-d02e-41c3-83bc-33a92a8b7869",
              "isHook": false,
              "skipped": false
            },
            {
              "title": "Verifying Company / Careers : Plus pm screen element contains: Open Positions",
              "fullTitle": "Burger Navigation Verifying Company / Careers : Plus pm screen element contains: Open Positions",
              "timedOut": null,
              "duration": 14896,
              "state": "passed",
              "speed": "slow",
              "pass": true,
              "fail": false,
              "pending": false,
              "context": null,
              "code": "cy.visit(\"\");\ncy.navValidation(pair[0], pair[1], pair[2]);",
              "err": {},
              "uuid": "20a31be7-9629-41c6-a060-6a9cb8629e59",
              "parentUUID": "98c9f3ad-d02e-41c3-83bc-33a92a8b7869",
              "isHook": false,
              "skipped": false
            },
            {
              "title": "Verifying Company / Contact Us : Plus pm screen element contains: Report an issue",
              "fullTitle": "Burger Navigation Verifying Company / Contact Us : Plus pm screen element contains: Report an issue",
              "timedOut": null,
              "duration": 19411,
              "state": "passed",
              "speed": "slow",
              "pass": true,
              "fail": false,
              "pending": false,
              "context": null,
              "code": "cy.visit(\"\");\ncy.navValidation(pair[0], pair[1], pair[2]);",
              "err": {},
              "uuid": "b130bd3a-7279-4c14-84b6-2ffe55d1ca72",
              "parentUUID": "98c9f3ad-d02e-41c3-83bc-33a92a8b7869",
              "isHook": false,
              "skipped": false
            },
            {
              "title": "Verifying Company / Security : Plus pm screen element contains: Visit our trust center",
              "fullTitle": "Burger Navigation Verifying Company / Security : Plus pm screen element contains: Visit our trust center",
              "timedOut": null,
              "duration": 14564,
              "state": "passed",
              "speed": "slow",
              "pass": true,
              "fail": false,
              "pending": false,
              "context": null,
              "code": "cy.visit(\"\");\ncy.navValidation(pair[0], pair[1], pair[2]);",
              "err": {},
              "uuid": "492f2a8c-1739-414e-b837-fcade9b5c230",
              "parentUUID": "98c9f3ad-d02e-41c3-83bc-33a92a8b7869",
              "isHook": false,
              "skipped": false
            },
            {
              "title": "Verifying Products / SOC 2 : Plus pm screen element contains: the old way",
              "fullTitle": "Burger Navigation Verifying Products / SOC 2 : Plus pm screen element contains: the old way",
              "timedOut": null,
              "duration": 15156,
              "state": "passed",
              "speed": "slow",
              "pass": true,
              "fail": false,
              "pending": false,
              "context": null,
              "code": "cy.visit(\"\");\ncy.navValidation(pair[0], pair[1], pair[2]);",
              "err": {},
              "uuid": "9932511f-2ea0-443b-a9a7-b9a21ae29147",
              "parentUUID": "98c9f3ad-d02e-41c3-83bc-33a92a8b7869",
              "isHook": false,
              "skipped": false
            },
            {
              "title": "Verifying Products / ISO 27001 : Plus pm screen element contains: 27001 certification",
              "fullTitle": "Burger Navigation Verifying Products / ISO 27001 : Plus pm screen element contains: 27001 certification",
              "timedOut": null,
              "duration": 13346,
              "state": "passed",
              "speed": "slow",
              "pass": true,
              "fail": false,
              "pending": false,
              "context": null,
              "code": "cy.visit(\"\");\ncy.navValidation(pair[0], pair[1], pair[2]);",
              "err": {},
              "uuid": "b7fa9a32-fe74-4655-934b-48d75af56ca5",
              "parentUUID": "98c9f3ad-d02e-41c3-83bc-33a92a8b7869",
              "isHook": false,
              "skipped": false
            },
            {
              "title": "Verifying Products / HIPAA : Plus pm screen element contains: What is HIPAA",
              "fullTitle": "Burger Navigation Verifying Products / HIPAA : Plus pm screen element contains: What is HIPAA",
              "timedOut": null,
              "duration": 11695,
              "state": "passed",
              "speed": "slow",
              "pass": true,
              "fail": false,
              "pending": false,
              "context": null,
              "code": "cy.visit(\"\");\ncy.navValidation(pair[0], pair[1], pair[2]);",
              "err": {},
              "uuid": "1c931d7a-b307-42b9-a5f9-2af0335d5491",
              "parentUUID": "98c9f3ad-d02e-41c3-83bc-33a92a8b7869",
              "isHook": false,
              "skipped": false
            },
            {
              "title": "Verifying Products / PCI DSS : Plus pm screen element contains: What is PCI DSS",
              "fullTitle": "Burger Navigation Verifying Products / PCI DSS : Plus pm screen element contains: What is PCI DSS",
              "timedOut": null,
              "duration": 12425,
              "state": "passed",
              "speed": "slow",
              "pass": true,
              "fail": false,
              "pending": false,
              "context": null,
              "code": "cy.visit(\"\");\ncy.navValidation(pair[0], pair[1], pair[2]);",
              "err": {},
              "uuid": "2c8c9f3b-a3fd-42e2-b471-620d65937126",
              "parentUUID": "98c9f3ad-d02e-41c3-83bc-33a92a8b7869",
              "isHook": false,
              "skipped": false
            },
            {
              "title": "Verifying Products / GDPR : Plus pm screen element contains: What is GDPR",
              "fullTitle": "Burger Navigation Verifying Products / GDPR : Plus pm screen element contains: What is GDPR",
              "timedOut": null,
              "duration": 10746,
              "state": "passed",
              "speed": "slow",
              "pass": true,
              "fail": false,
              "pending": false,
              "context": null,
              "code": "cy.visit(\"\");\ncy.navValidation(pair[0], pair[1], pair[2]);",
              "err": {},
              "uuid": "0f4649da-5590-4ecc-8993-67ab792b1834",
              "parentUUID": "98c9f3ad-d02e-41c3-83bc-33a92a8b7869",
              "isHook": false,
              "skipped": false
            },
            {
              "title": "Verifying Products / CCPA : Plus pm screen element contains: What is CCPA",
              "fullTitle": "Burger Navigation Verifying Products / CCPA : Plus pm screen element contains: What is CCPA",
              "timedOut": null,
              "duration": 14747,
              "state": "passed",
              "speed": "slow",
              "pass": true,
              "fail": false,
              "pending": false,
              "context": null,
              "code": "cy.visit(\"\");\ncy.navValidation(pair[0], pair[1], pair[2]);",
              "err": {},
              "uuid": "ab3eb3e7-026e-41b4-8e85-fa5abc73e7ef",
              "parentUUID": "98c9f3ad-d02e-41c3-83bc-33a92a8b7869",
              "isHook": false,
              "skipped": false
            },
            {
              "title": "Verifying Products / Additional Frameworks : Plus pm screen element contains: What Additional",
              "fullTitle": "Burger Navigation Verifying Products / Additional Frameworks : Plus pm screen element contains: What Additional",
              "timedOut": null,
              "duration": 9960,
              "state": "passed",
              "speed": "medium",
              "pass": true,
              "fail": false,
              "pending": false,
              "context": null,
              "code": "cy.visit(\"\");\ncy.navValidation(pair[0], pair[1], pair[2]);",
              "err": {},
              "uuid": "274018af-7ad6-4e96-9dbf-b75d0b31c17c",
              "parentUUID": "98c9f3ad-d02e-41c3-83bc-33a92a8b7869",
              "isHook": false,
              "skipped": false
            },
            {
              "title": "Verifying Products / Custom Frameworks : Plus pm screen element contains: Tailor Drata",
              "fullTitle": "Burger Navigation Verifying Products / Custom Frameworks : Plus pm screen element contains: Tailor Drata",
              "timedOut": null,
              "duration": 17189,
              "state": "passed",
              "speed": "slow",
              "pass": true,
              "fail": false,
              "pending": false,
              "context": null,
              "code": "cy.visit(\"\");\ncy.navValidation(pair[0], pair[1], pair[2]);",
              "err": {},
              "uuid": "277771db-aea9-474a-b967-4f23b16397f7",
              "parentUUID": "98c9f3ad-d02e-41c3-83bc-33a92a8b7869",
              "isHook": false,
              "skipped": false
            },
            {
              "title": "Verifying Products / Trust Center : Plus pm screen element contains: Make static security",
              "fullTitle": "Burger Navigation Verifying Products / Trust Center : Plus pm screen element contains: Make static security",
              "timedOut": null,
              "duration": 13270,
              "state": "passed",
              "speed": "slow",
              "pass": true,
              "fail": false,
              "pending": false,
              "context": null,
              "code": "cy.visit(\"\");\ncy.navValidation(pair[0], pair[1], pair[2]);",
              "err": {},
              "uuid": "5a0cf78d-7418-4cd1-bbb6-cfa1f05c81ff",
              "parentUUID": "98c9f3ad-d02e-41c3-83bc-33a92a8b7869",
              "isHook": false,
              "skipped": false
            },
            {
              "title": "Verifying Products / Risk Management : Plus pm screen element contains: Build Your Risk Register",
              "fullTitle": "Burger Navigation Verifying Products / Risk Management : Plus pm screen element contains: Build Your Risk Register",
              "timedOut": null,
              "duration": 12126,
              "state": "passed",
              "speed": "slow",
              "pass": true,
              "fail": false,
              "pending": false,
              "context": null,
              "code": "cy.visit(\"\");\ncy.navValidation(pair[0], pair[1], pair[2]);",
              "err": {},
              "uuid": "a51b1f23-0bac-4041-a8e9-c807817eadc0",
              "parentUUID": "98c9f3ad-d02e-41c3-83bc-33a92a8b7869",
              "isHook": false,
              "skipped": false
            },
            {
              "title": "Verifying Products / Integrations : Plus pm screen element contains: Observability",
              "fullTitle": "Burger Navigation Verifying Products / Integrations : Plus pm screen element contains: Observability",
              "timedOut": null,
              "duration": 16403,
              "state": "passed",
              "speed": "slow",
              "pass": true,
              "fail": false,
              "pending": false,
              "context": null,
              "code": "cy.visit(\"\");\ncy.navValidation(pair[0], pair[1], pair[2]);",
              "err": {},
              "uuid": "84b0be5e-8d8a-42ad-a672-e5f5383636ac",
              "parentUUID": "98c9f3ad-d02e-41c3-83bc-33a92a8b7869",
              "isHook": false,
              "skipped": false
            },
            {
              "title": "Verifying Resources / Prioritizing SOC 2 : Plus pm screen element contains: ABOUT TRUST & WILL",
              "fullTitle": "Burger Navigation Verifying Resources / Prioritizing SOC 2 : Plus pm screen element contains: ABOUT TRUST & WILL",
              "timedOut": null,
              "duration": 12739,
              "state": "passed",
              "speed": "slow",
              "pass": true,
              "fail": false,
              "pending": false,
              "context": null,
              "code": "cy.visit(\"\");\ncy.navValidation(pair[0], pair[1], pair[2]);",
              "err": {},
              "uuid": "62b0bd92-e325-44ad-ad1b-bbb807bcf3d2",
              "parentUUID": "98c9f3ad-d02e-41c3-83bc-33a92a8b7869",
              "isHook": false,
              "skipped": false
            },
            {
              "title": "Verifying Resources / Getting SOC 2 : Plus pm screen element contains: ABOUT ITERATIVELY",
              "fullTitle": "Burger Navigation Verifying Resources / Getting SOC 2 : Plus pm screen element contains: ABOUT ITERATIVELY",
              "timedOut": null,
              "duration": 13249,
              "state": "passed",
              "speed": "slow",
              "pass": true,
              "fail": false,
              "pending": false,
              "context": null,
              "code": "cy.visit(\"\");\ncy.navValidation(pair[0], pair[1], pair[2]);",
              "err": {},
              "uuid": "f39b7dcf-c43d-4b9e-ac9f-48173cb5663a",
              "parentUUID": "98c9f3ad-d02e-41c3-83bc-33a92a8b7869",
              "isHook": false,
              "skipped": false
            },
            {
              "title": "Verifying Resources / Leveling Up : Plus pm screen element contains: ABOUT CHAMELEON",
              "fullTitle": "Burger Navigation Verifying Resources / Leveling Up : Plus pm screen element contains: ABOUT CHAMELEON",
              "timedOut": null,
              "duration": 11450,
              "state": "passed",
              "speed": "slow",
              "pass": true,
              "fail": false,
              "pending": false,
              "context": null,
              "code": "cy.visit(\"\");\ncy.navValidation(pair[0], pair[1], pair[2]);",
              "err": {},
              "uuid": "760a4c5d-ac34-4c77-b09d-c1ef9fb2f1d9",
              "parentUUID": "98c9f3ad-d02e-41c3-83bc-33a92a8b7869",
              "isHook": false,
              "skipped": false
            },
            {
              "title": "Verifying Resources / Your SOC 2 Readiness : Plus pm screen element contains: SOC 2 Report",
              "fullTitle": "Burger Navigation Verifying Resources / Your SOC 2 Readiness : Plus pm screen element contains: SOC 2 Report",
              "timedOut": null,
              "duration": 14577,
              "state": "passed",
              "speed": "slow",
              "pass": true,
              "fail": false,
              "pending": false,
              "context": null,
              "code": "cy.visit(\"\");\ncy.navValidation(pair[0], pair[1], pair[2]);",
              "err": {},
              "uuid": "2894a452-6fd3-43cb-8e60-eeedee01f79d",
              "parentUUID": "98c9f3ad-d02e-41c3-83bc-33a92a8b7869",
              "isHook": false,
              "skipped": false
            },
            {
              "title": "Verifying Resources / Drata Blog : Plus pm screen element contains: BLOG ARTICLE",
              "fullTitle": "Burger Navigation Verifying Resources / Drata Blog : Plus pm screen element contains: BLOG ARTICLE",
              "timedOut": null,
              "duration": 17561,
              "state": "passed",
              "speed": "slow",
              "pass": true,
              "fail": false,
              "pending": false,
              "context": null,
              "code": "cy.visit(\"\");\ncy.navValidation(pair[0], pair[1], pair[2]);",
              "err": {},
              "uuid": "1b43c93d-6455-4688-a9a6-00de57ea4407",
              "parentUUID": "98c9f3ad-d02e-41c3-83bc-33a92a8b7869",
              "isHook": false,
              "skipped": false
            },
            {
              "title": "Verifying Customers / null : Plus pm screen element contains: Read Case Study",
              "fullTitle": "Burger Navigation Verifying Customers / null : Plus pm screen element contains: Read Case Study",
              "timedOut": null,
              "duration": 14488,
              "state": "passed",
              "speed": "slow",
              "pass": true,
              "fail": false,
              "pending": false,
              "context": null,
              "code": "cy.visit(\"\");\ncy.navValidation(pair[0], pair[1], pair[2]);",
              "err": {},
              "uuid": "7fe902a7-b2a7-4fc4-9589-14cce42c9789",
              "parentUUID": "98c9f3ad-d02e-41c3-83bc-33a92a8b7869",
              "isHook": false,
              "skipped": false
            },
            {
              "title": "Verifying Auditors / null : Plus pm screen element contains: Why Auditors",
              "fullTitle": "Burger Navigation Verifying Auditors / null : Plus pm screen element contains: Why Auditors",
              "timedOut": null,
              "duration": 10918,
              "state": "passed",
              "speed": "slow",
              "pass": true,
              "fail": false,
              "pending": false,
              "context": null,
              "code": "cy.visit(\"\");\ncy.navValidation(pair[0], pair[1], pair[2]);",
              "err": {},
              "uuid": "ff0b439c-ce93-4346-b26d-dd3da59c8a23",
              "parentUUID": "98c9f3ad-d02e-41c3-83bc-33a92a8b7869",
              "isHook": false,
              "skipped": false
            },
            {
              "title": "Verify Resources / All Case Studies Resources Contains: Case Studies Button",
              "fullTitle": "Burger Navigation Verify Resources / All Case Studies Resources Contains: Case Studies Button",
              "timedOut": null,
              "duration": 17028,
              "state": "passed",
              "speed": "slow",
              "pass": true,
              "fail": false,
              "pending": false,
              "context": null,
              "code": "cy.visit(\"\");\ncy.navValEl(\"Resources\", \"All Resources\", Resource.caseStudies);",
              "err": {},
              "uuid": "e35710c5-3fc7-49ba-923d-7d35113bed33",
              "parentUUID": "98c9f3ad-d02e-41c3-83bc-33a92a8b7869",
              "isHook": false,
              "skipped": false
            },
            {
              "title": "Verify Resources / All Resources Contains: Case Studies Button",
              "fullTitle": "Burger Navigation Verify Resources / All Resources Contains: Case Studies Button",
              "timedOut": null,
              "duration": 45496,
              "state": "passed",
              "speed": "slow",
              "pass": true,
              "fail": false,
              "pending": false,
              "context": null,
              "code": "cy.visit(\"\");\ncy.navValEl(\"Resources\", \"All Resources\", Resource.all);",
              "err": {},
              "uuid": "96524dda-32ab-4e1c-aef4-295903738f4f",
              "parentUUID": "98c9f3ad-d02e-41c3-83bc-33a92a8b7869",
              "isHook": false,
              "skipped": false
            }
          ],
          "suites": [],
          "passes": [
            "27684e42-d196-4281-b3bc-2f747cb28978",
            "20a31be7-9629-41c6-a060-6a9cb8629e59",
            "b130bd3a-7279-4c14-84b6-2ffe55d1ca72",
            "492f2a8c-1739-414e-b837-fcade9b5c230",
            "9932511f-2ea0-443b-a9a7-b9a21ae29147",
            "b7fa9a32-fe74-4655-934b-48d75af56ca5",
            "1c931d7a-b307-42b9-a5f9-2af0335d5491",
            "2c8c9f3b-a3fd-42e2-b471-620d65937126",
            "0f4649da-5590-4ecc-8993-67ab792b1834",
            "ab3eb3e7-026e-41b4-8e85-fa5abc73e7ef",
            "274018af-7ad6-4e96-9dbf-b75d0b31c17c",
            "277771db-aea9-474a-b967-4f23b16397f7",
            "5a0cf78d-7418-4cd1-bbb6-cfa1f05c81ff",
            "a51b1f23-0bac-4041-a8e9-c807817eadc0",
            "84b0be5e-8d8a-42ad-a672-e5f5383636ac",
            "62b0bd92-e325-44ad-ad1b-bbb807bcf3d2",
            "f39b7dcf-c43d-4b9e-ac9f-48173cb5663a",
            "760a4c5d-ac34-4c77-b09d-c1ef9fb2f1d9",
            "2894a452-6fd3-43cb-8e60-eeedee01f79d",
            "1b43c93d-6455-4688-a9a6-00de57ea4407",
            "7fe902a7-b2a7-4fc4-9589-14cce42c9789",
            "ff0b439c-ce93-4346-b26d-dd3da59c8a23",
            "e35710c5-3fc7-49ba-923d-7d35113bed33",
            "96524dda-32ab-4e1c-aef4-295903738f4f"
          ],
          "failures": [],
          "pending": [],
          "skipped": [],
          "duration": 374957,
          "root": false,
          "rootEmpty": false,
          "_timeout": 2000
        }
      ],
      "passes": [],
      "failures": [],
      "pending": [],
      "skipped": [],
      "duration": 0,
      "root": true,
      "rootEmpty": true,
      "_timeout": 2000
    }
  ],
  "meta": {
    "mocha": {
      "version": "7.0.1"
    },
    "mochawesome": {
      "options": {
        "quiet": false,
        "reportFilename": "mochawesome",
        "saveHtml": true,
        "saveJson": true,
        "consoleReporter": "spec",
        "useInlineDiffs": false,
        "code": true
      },
      "version": "7.1.3"
    },
    "marge": {
      "options": null,
      "version": "6.2.0"
    }
  }
}