{
  "stats": {
    "suites": 1,
    "tests": 24,
    "passes": 24,
    "pending": 0,
    "failures": 0,
    "start": "2022-09-04T17:29:51.473Z",
    "end": "2022-09-04T17:34:10.378Z",
    "duration": 258905,
    "testsRegistered": 24,
    "passPercent": 100,
    "pendingPercent": 0,
    "other": 0,
    "hasOther": false,
    "skipped": 0,
    "hasSkipped": false
  },
  "results": [
    {
      "uuid": "689334a5-bbb5-4c62-aa98-eb0b9b3210ae",
      "title": "",
      "fullFile": "cypress\\integration\\navigation\\burgerNav.js",
      "file": "cypress\\integration\\navigation\\burgerNav.js",
      "beforeHooks": [],
      "afterHooks": [],
      "tests": [],
      "suites": [
        {
          "uuid": "f52e3f94-36c1-4faf-a5de-09fc9fc08a15",
          "title": "Burger Navigation",
          "fullFile": "",
          "file": "",
          "beforeHooks": [],
          "afterHooks": [],
          "tests": [
            {
              "title": "Verifying Company / About Drata : Plus pm screen element contains: Learn about working",
              "fullTitle": "Burger Navigation Verifying Company / About Drata : Plus pm screen element contains: Learn about working",
              "timedOut": null,
              "duration": 14092,
              "state": "passed",
              "speed": "slow",
              "pass": true,
              "fail": false,
              "pending": false,
              "context": null,
              "code": "cy.visit(\"\");\ncy.navValidation(pair[0], pair[1], pair[2]);",
              "err": {},
              "uuid": "2c05556c-7ee5-4851-8bfa-9fffdd80245c",
              "parentUUID": "f52e3f94-36c1-4faf-a5de-09fc9fc08a15",
              "isHook": false,
              "skipped": false
            },
            {
              "title": "Verifying Company / Careers : Plus pm screen element contains: Open Positions",
              "fullTitle": "Burger Navigation Verifying Company / Careers : Plus pm screen element contains: Open Positions",
              "timedOut": null,
              "duration": 10231,
              "state": "passed",
              "speed": "slow",
              "pass": true,
              "fail": false,
              "pending": false,
              "context": null,
              "code": "cy.visit(\"\");\ncy.navValidation(pair[0], pair[1], pair[2]);",
              "err": {},
              "uuid": "c5f3af29-cc9b-487e-a8fa-25d762ac3ffa",
              "parentUUID": "f52e3f94-36c1-4faf-a5de-09fc9fc08a15",
              "isHook": false,
              "skipped": false
            },
            {
              "title": "Verifying Company / Contact Us : Plus pm screen element contains: Report an issue",
              "fullTitle": "Burger Navigation Verifying Company / Contact Us : Plus pm screen element contains: Report an issue",
              "timedOut": null,
              "duration": 8833,
              "state": "passed",
              "speed": "medium",
              "pass": true,
              "fail": false,
              "pending": false,
              "context": null,
              "code": "cy.visit(\"\");\ncy.navValidation(pair[0], pair[1], pair[2]);",
              "err": {},
              "uuid": "fd6e5281-c571-4a57-9695-f16fd97afc03",
              "parentUUID": "f52e3f94-36c1-4faf-a5de-09fc9fc08a15",
              "isHook": false,
              "skipped": false
            },
            {
              "title": "Verifying Company / Security : Plus pm screen element contains: Visit our trust center",
              "fullTitle": "Burger Navigation Verifying Company / Security : Plus pm screen element contains: Visit our trust center",
              "timedOut": null,
              "duration": 10236,
              "state": "passed",
              "speed": "slow",
              "pass": true,
              "fail": false,
              "pending": false,
              "context": null,
              "code": "cy.visit(\"\");\ncy.navValidation(pair[0], pair[1], pair[2]);",
              "err": {},
              "uuid": "a4c6496e-6661-41e4-8fbc-7b7d77ef5b0e",
              "parentUUID": "f52e3f94-36c1-4faf-a5de-09fc9fc08a15",
              "isHook": false,
              "skipped": false
            },
            {
              "title": "Verifying Products / SOC 2 : Plus pm screen element contains: the old way",
              "fullTitle": "Burger Navigation Verifying Products / SOC 2 : Plus pm screen element contains: the old way",
              "timedOut": null,
              "duration": 10366,
              "state": "passed",
              "speed": "slow",
              "pass": true,
              "fail": false,
              "pending": false,
              "context": null,
              "code": "cy.visit(\"\");\ncy.navValidation(pair[0], pair[1], pair[2]);",
              "err": {},
              "uuid": "fb66cb42-e92f-4013-8937-46c77979da0a",
              "parentUUID": "f52e3f94-36c1-4faf-a5de-09fc9fc08a15",
              "isHook": false,
              "skipped": false
            },
            {
              "title": "Verifying Products / ISO 27001 : Plus pm screen element contains: 27001 certification",
              "fullTitle": "Burger Navigation Verifying Products / ISO 27001 : Plus pm screen element contains: 27001 certification",
              "timedOut": null,
              "duration": 8986,
              "state": "passed",
              "speed": "medium",
              "pass": true,
              "fail": false,
              "pending": false,
              "context": null,
              "code": "cy.visit(\"\");\ncy.navValidation(pair[0], pair[1], pair[2]);",
              "err": {},
              "uuid": "0c033121-bb95-42dc-8890-a3bc48afd4dd",
              "parentUUID": "f52e3f94-36c1-4faf-a5de-09fc9fc08a15",
              "isHook": false,
              "skipped": false
            },
            {
              "title": "Verifying Products / HIPAA : Plus pm screen element contains: What is HIPAA",
              "fullTitle": "Burger Navigation Verifying Products / HIPAA : Plus pm screen element contains: What is HIPAA",
              "timedOut": null,
              "duration": 10571,
              "state": "passed",
              "speed": "slow",
              "pass": true,
              "fail": false,
              "pending": false,
              "context": null,
              "code": "cy.visit(\"\");\ncy.navValidation(pair[0], pair[1], pair[2]);",
              "err": {},
              "uuid": "0721d6a5-5b3e-4cd2-ac35-98f7c58cee6c",
              "parentUUID": "f52e3f94-36c1-4faf-a5de-09fc9fc08a15",
              "isHook": false,
              "skipped": false
            },
            {
              "title": "Verifying Products / PCI DSS : Plus pm screen element contains: What is PCI DSS",
              "fullTitle": "Burger Navigation Verifying Products / PCI DSS : Plus pm screen element contains: What is PCI DSS",
              "timedOut": null,
              "duration": 10358,
              "state": "passed",
              "speed": "slow",
              "pass": true,
              "fail": false,
              "pending": false,
              "context": null,
              "code": "cy.visit(\"\");\ncy.navValidation(pair[0], pair[1], pair[2]);",
              "err": {},
              "uuid": "e0e5977d-1e61-4e63-bf25-9862970baca1",
              "parentUUID": "f52e3f94-36c1-4faf-a5de-09fc9fc08a15",
              "isHook": false,
              "skipped": false
            },
            {
              "title": "Verifying Products / GDPR : Plus pm screen element contains: What is GDPR",
              "fullTitle": "Burger Navigation Verifying Products / GDPR : Plus pm screen element contains: What is GDPR",
              "timedOut": null,
              "duration": 10272,
              "state": "passed",
              "speed": "slow",
              "pass": true,
              "fail": false,
              "pending": false,
              "context": null,
              "code": "cy.visit(\"\");\ncy.navValidation(pair[0], pair[1], pair[2]);",
              "err": {},
              "uuid": "cc65dbbf-6f5e-48a2-9921-fc87ce3fcbb3",
              "parentUUID": "f52e3f94-36c1-4faf-a5de-09fc9fc08a15",
              "isHook": false,
              "skipped": false
            },
            {
              "title": "Verifying Products / CCPA : Plus pm screen element contains: What is CCPA",
              "fullTitle": "Burger Navigation Verifying Products / CCPA : Plus pm screen element contains: What is CCPA",
              "timedOut": null,
              "duration": 12229,
              "state": "passed",
              "speed": "slow",
              "pass": true,
              "fail": false,
              "pending": false,
              "context": null,
              "code": "cy.visit(\"\");\ncy.navValidation(pair[0], pair[1], pair[2]);",
              "err": {},
              "uuid": "10297b75-0d0d-407b-a90b-d2c6d7e012df",
              "parentUUID": "f52e3f94-36c1-4faf-a5de-09fc9fc08a15",
              "isHook": false,
              "skipped": false
            },
            {
              "title": "Verifying Products / Additional Frameworks : Plus pm screen element contains: What Additional",
              "fullTitle": "Burger Navigation Verifying Products / Additional Frameworks : Plus pm screen element contains: What Additional",
              "timedOut": null,
              "duration": 9227,
              "state": "passed",
              "speed": "medium",
              "pass": true,
              "fail": false,
              "pending": false,
              "context": null,
              "code": "cy.visit(\"\");\ncy.navValidation(pair[0], pair[1], pair[2]);",
              "err": {},
              "uuid": "f473c00c-88f7-452c-8434-6f9cc51baa97",
              "parentUUID": "f52e3f94-36c1-4faf-a5de-09fc9fc08a15",
              "isHook": false,
              "skipped": false
            },
            {
              "title": "Verifying Products / Custom Frameworks : Plus pm screen element contains: Tailor Drata",
              "fullTitle": "Burger Navigation Verifying Products / Custom Frameworks : Plus pm screen element contains: Tailor Drata",
              "timedOut": null,
              "duration": 9303,
              "state": "passed",
              "speed": "medium",
              "pass": true,
              "fail": false,
              "pending": false,
              "context": null,
              "code": "cy.visit(\"\");\ncy.navValidation(pair[0], pair[1], pair[2]);",
              "err": {},
              "uuid": "78749852-2585-4f83-870a-534c03a09186",
              "parentUUID": "f52e3f94-36c1-4faf-a5de-09fc9fc08a15",
              "isHook": false,
              "skipped": false
            },
            {
              "title": "Verifying Products / Trust Center : Plus pm screen element contains: Make static security",
              "fullTitle": "Burger Navigation Verifying Products / Trust Center : Plus pm screen element contains: Make static security",
              "timedOut": null,
              "duration": 10453,
              "state": "passed",
              "speed": "slow",
              "pass": true,
              "fail": false,
              "pending": false,
              "context": null,
              "code": "cy.visit(\"\");\ncy.navValidation(pair[0], pair[1], pair[2]);",
              "err": {},
              "uuid": "d261dceb-c81a-426c-a736-6fa96c2429e5",
              "parentUUID": "f52e3f94-36c1-4faf-a5de-09fc9fc08a15",
              "isHook": false,
              "skipped": false
            },
            {
              "title": "Verifying Products / Risk Management : Plus pm screen element contains: Build Your Risk Register",
              "fullTitle": "Burger Navigation Verifying Products / Risk Management : Plus pm screen element contains: Build Your Risk Register",
              "timedOut": null,
              "duration": 8572,
              "state": "passed",
              "speed": "medium",
              "pass": true,
              "fail": false,
              "pending": false,
              "context": null,
              "code": "cy.visit(\"\");\ncy.navValidation(pair[0], pair[1], pair[2]);",
              "err": {},
              "uuid": "4bd27b1b-66e6-4769-8b19-033bb18e8762",
              "parentUUID": "f52e3f94-36c1-4faf-a5de-09fc9fc08a15",
              "isHook": false,
              "skipped": false
            },
            {
              "title": "Verifying Products / Integrations : Plus pm screen element contains: Observability",
              "fullTitle": "Burger Navigation Verifying Products / Integrations : Plus pm screen element contains: Observability",
              "timedOut": null,
              "duration": 13296,
              "state": "passed",
              "speed": "slow",
              "pass": true,
              "fail": false,
              "pending": false,
              "context": null,
              "code": "cy.visit(\"\");\ncy.navValidation(pair[0], pair[1], pair[2]);",
              "err": {},
              "uuid": "5b4f1d3d-e19a-4101-b203-617231d39e60",
              "parentUUID": "f52e3f94-36c1-4faf-a5de-09fc9fc08a15",
              "isHook": false,
              "skipped": false
            },
            {
              "title": "Verifying Resources / Prioritizing SOC 2 : Plus pm screen element contains: ABOUT TRUST & WILL",
              "fullTitle": "Burger Navigation Verifying Resources / Prioritizing SOC 2 : Plus pm screen element contains: ABOUT TRUST & WILL",
              "timedOut": null,
              "duration": 11564,
              "state": "passed",
              "speed": "slow",
              "pass": true,
              "fail": false,
              "pending": false,
              "context": null,
              "code": "cy.visit(\"\");\ncy.navValidation(pair[0], pair[1], pair[2]);",
              "err": {},
              "uuid": "df176399-b6db-4fa7-a186-a00a6fc57f3b",
              "parentUUID": "f52e3f94-36c1-4faf-a5de-09fc9fc08a15",
              "isHook": false,
              "skipped": false
            },
            {
              "title": "Verifying Resources / Getting SOC 2 : Plus pm screen element contains: ABOUT ITERATIVELY",
              "fullTitle": "Burger Navigation Verifying Resources / Getting SOC 2 : Plus pm screen element contains: ABOUT ITERATIVELY",
              "timedOut": null,
              "duration": 10980,
              "state": "passed",
              "speed": "slow",
              "pass": true,
              "fail": false,
              "pending": false,
              "context": null,
              "code": "cy.visit(\"\");\ncy.navValidation(pair[0], pair[1], pair[2]);",
              "err": {},
              "uuid": "a4d26f94-764c-4286-84ce-f2af2357d7c0",
              "parentUUID": "f52e3f94-36c1-4faf-a5de-09fc9fc08a15",
              "isHook": false,
              "skipped": false
            },
            {
              "title": "Verifying Resources / Leveling Up : Plus pm screen element contains: ABOUT CHAMELEON",
              "fullTitle": "Burger Navigation Verifying Resources / Leveling Up : Plus pm screen element contains: ABOUT CHAMELEON",
              "timedOut": null,
              "duration": 9162,
              "state": "passed",
              "speed": "medium",
              "pass": true,
              "fail": false,
              "pending": false,
              "context": null,
              "code": "cy.visit(\"\");\ncy.navValidation(pair[0], pair[1], pair[2]);",
              "err": {},
              "uuid": "b895b098-19de-41de-a4cb-953749af3154",
              "parentUUID": "f52e3f94-36c1-4faf-a5de-09fc9fc08a15",
              "isHook": false,
              "skipped": false
            },
            {
              "title": "Verifying Resources / Your SOC 2 Readiness : Plus pm screen element contains: SOC 2 Report",
              "fullTitle": "Burger Navigation Verifying Resources / Your SOC 2 Readiness : Plus pm screen element contains: SOC 2 Report",
              "timedOut": null,
              "duration": 9494,
              "state": "passed",
              "speed": "medium",
              "pass": true,
              "fail": false,
              "pending": false,
              "context": null,
              "code": "cy.visit(\"\");\ncy.navValidation(pair[0], pair[1], pair[2]);",
              "err": {},
              "uuid": "ab82018f-348c-4212-adf4-83bbaaf293f7",
              "parentUUID": "f52e3f94-36c1-4faf-a5de-09fc9fc08a15",
              "isHook": false,
              "skipped": false
            },
            {
              "title": "Verifying Resources / Drata Blog : Plus pm screen element contains: BLOG ARTICLE",
              "fullTitle": "Burger Navigation Verifying Resources / Drata Blog : Plus pm screen element contains: BLOG ARTICLE",
              "timedOut": null,
              "duration": 16079,
              "state": "passed",
              "speed": "slow",
              "pass": true,
              "fail": false,
              "pending": false,
              "context": null,
              "code": "cy.visit(\"\");\ncy.navValidation(pair[0], pair[1], pair[2]);",
              "err": {},
              "uuid": "c051f92d-ae10-4b69-a9e3-76074597348a",
              "parentUUID": "f52e3f94-36c1-4faf-a5de-09fc9fc08a15",
              "isHook": false,
              "skipped": false
            },
            {
              "title": "Verifying Customers / null : Plus pm screen element contains: Read Case Study",
              "fullTitle": "Burger Navigation Verifying Customers / null : Plus pm screen element contains: Read Case Study",
              "timedOut": null,
              "duration": 14327,
              "state": "passed",
              "speed": "slow",
              "pass": true,
              "fail": false,
              "pending": false,
              "context": null,
              "code": "cy.visit(\"\");\ncy.navValidation(pair[0], pair[1], pair[2]);",
              "err": {},
              "uuid": "1c17b32a-0880-4062-9b08-8e1708193232",
              "parentUUID": "f52e3f94-36c1-4faf-a5de-09fc9fc08a15",
              "isHook": false,
              "skipped": false
            },
            {
              "title": "Verifying Auditors / null : Plus pm screen element contains: Why Auditors",
              "fullTitle": "Burger Navigation Verifying Auditors / null : Plus pm screen element contains: Why Auditors",
              "timedOut": null,
              "duration": 8946,
              "state": "passed",
              "speed": "medium",
              "pass": true,
              "fail": false,
              "pending": false,
              "context": null,
              "code": "cy.visit(\"\");\ncy.navValidation(pair[0], pair[1], pair[2]);",
              "err": {},
              "uuid": "4a5da55d-2c72-4fdd-a9bb-3c8203a4f93c",
              "parentUUID": "f52e3f94-36c1-4faf-a5de-09fc9fc08a15",
              "isHook": false,
              "skipped": false
            },
            {
              "title": "Verify Resources / All Case Studies Resources Contains: Case Studies Button",
              "fullTitle": "Burger Navigation Verify Resources / All Case Studies Resources Contains: Case Studies Button",
              "timedOut": null,
              "duration": 10958,
              "state": "passed",
              "speed": "slow",
              "pass": true,
              "fail": false,
              "pending": false,
              "context": null,
              "code": "cy.visit(\"\");\ncy.navValEl(\"Resources\", \"All Resources\", Resource.caseStudies);",
              "err": {},
              "uuid": "56710ddb-1631-49a7-9166-8cb4d6b4a9c1",
              "parentUUID": "f52e3f94-36c1-4faf-a5de-09fc9fc08a15",
              "isHook": false,
              "skipped": false
            },
            {
              "title": "Verify Resources / All Resources Contains: Case Studies Button",
              "fullTitle": "Burger Navigation Verify Resources / All Resources Contains: Case Studies Button",
              "timedOut": null,
              "duration": 9876,
              "state": "passed",
              "speed": "medium",
              "pass": true,
              "fail": false,
              "pending": false,
              "context": null,
              "code": "cy.visit(\"\");\ncy.navValEl(\"Resources\", \"All Resources\", Resource.all);",
              "err": {},
              "uuid": "5f0b4d31-db2a-4957-8321-d040475470f6",
              "parentUUID": "f52e3f94-36c1-4faf-a5de-09fc9fc08a15",
              "isHook": false,
              "skipped": false
            }
          ],
          "suites": [],
          "passes": [
            "2c05556c-7ee5-4851-8bfa-9fffdd80245c",
            "c5f3af29-cc9b-487e-a8fa-25d762ac3ffa",
            "fd6e5281-c571-4a57-9695-f16fd97afc03",
            "a4c6496e-6661-41e4-8fbc-7b7d77ef5b0e",
            "fb66cb42-e92f-4013-8937-46c77979da0a",
            "0c033121-bb95-42dc-8890-a3bc48afd4dd",
            "0721d6a5-5b3e-4cd2-ac35-98f7c58cee6c",
            "e0e5977d-1e61-4e63-bf25-9862970baca1",
            "cc65dbbf-6f5e-48a2-9921-fc87ce3fcbb3",
            "10297b75-0d0d-407b-a90b-d2c6d7e012df",
            "f473c00c-88f7-452c-8434-6f9cc51baa97",
            "78749852-2585-4f83-870a-534c03a09186",
            "d261dceb-c81a-426c-a736-6fa96c2429e5",
            "4bd27b1b-66e6-4769-8b19-033bb18e8762",
            "5b4f1d3d-e19a-4101-b203-617231d39e60",
            "df176399-b6db-4fa7-a186-a00a6fc57f3b",
            "a4d26f94-764c-4286-84ce-f2af2357d7c0",
            "b895b098-19de-41de-a4cb-953749af3154",
            "ab82018f-348c-4212-adf4-83bbaaf293f7",
            "c051f92d-ae10-4b69-a9e3-76074597348a",
            "1c17b32a-0880-4062-9b08-8e1708193232",
            "4a5da55d-2c72-4fdd-a9bb-3c8203a4f93c",
            "56710ddb-1631-49a7-9166-8cb4d6b4a9c1",
            "5f0b4d31-db2a-4957-8321-d040475470f6"
          ],
          "failures": [],
          "pending": [],
          "skipped": [],
          "duration": 258411,
          "root": false,
          "rootEmpty": false,
          "_timeout": 2000
        }
      ],
      "passes": [],
      "failures": [],
      "pending": [],
      "skipped": [],
      "duration": 0,
      "root": true,
      "rootEmpty": true,
      "_timeout": 2000
    }
  ],
  "meta": {
    "mocha": {
      "version": "7.0.1"
    },
    "mochawesome": {
      "options": {
        "quiet": false,
        "reportFilename": "mochawesome",
        "saveHtml": true,
        "saveJson": true,
        "consoleReporter": "spec",
        "useInlineDiffs": false,
        "code": true
      },
      "version": "7.1.3"
    },
    "marge": {
      "options": null,
      "version": "6.2.0"
    }
  }
}