{
  "stats": {
    "suites": 1,
    "tests": 24,
    "passes": 24,
    "pending": 0,
    "failures": 0,
    "start": "2022-09-04T16:39:22.327Z",
    "end": "2022-09-04T16:45:30.429Z",
    "duration": 368102,
    "testsRegistered": 24,
    "passPercent": 100,
    "pendingPercent": 0,
    "other": 0,
    "hasOther": false,
    "skipped": 0,
    "hasSkipped": false
  },
  "results": [
    {
      "uuid": "6532d24a-0375-4b79-8545-11d5095153ff",
      "title": "",
      "fullFile": "cypress\\integration\\navigation\\burgerNav.js",
      "file": "cypress\\integration\\navigation\\burgerNav.js",
      "beforeHooks": [],
      "afterHooks": [],
      "tests": [],
      "suites": [
        {
          "uuid": "2264e04d-a76e-4beb-a655-c5ea6aade261",
          "title": "Burger Navigation",
          "fullFile": "",
          "file": "",
          "beforeHooks": [],
          "afterHooks": [],
          "tests": [
            {
              "title": "Verifying Company / About Drata : Plus pm screen element contains: Learn about working",
              "fullTitle": "Burger Navigation Verifying Company / About Drata : Plus pm screen element contains: Learn about working",
              "timedOut": null,
              "duration": 24220,
              "state": "passed",
              "speed": "slow",
              "pass": true,
              "fail": false,
              "pending": false,
              "context": null,
              "code": "cy.visit(\"\");\ncy.navValidation(pair[0], pair[1], pair[2]);",
              "err": {},
              "uuid": "4dfa946c-6c48-4449-a37a-2abda558787e",
              "parentUUID": "2264e04d-a76e-4beb-a655-c5ea6aade261",
              "isHook": false,
              "skipped": false
            },
            {
              "title": "Verifying Company / Careers : Plus pm screen element contains: Open Positions",
              "fullTitle": "Burger Navigation Verifying Company / Careers : Plus pm screen element contains: Open Positions",
              "timedOut": null,
              "duration": 13477,
              "state": "passed",
              "speed": "slow",
              "pass": true,
              "fail": false,
              "pending": false,
              "context": null,
              "code": "cy.visit(\"\");\ncy.navValidation(pair[0], pair[1], pair[2]);",
              "err": {},
              "uuid": "5a9108a7-6ffc-41df-8cda-dfa74d60d545",
              "parentUUID": "2264e04d-a76e-4beb-a655-c5ea6aade261",
              "isHook": false,
              "skipped": false
            },
            {
              "title": "Verifying Company / Contact Us : Plus pm screen element contains: Report an issue",
              "fullTitle": "Burger Navigation Verifying Company / Contact Us : Plus pm screen element contains: Report an issue",
              "timedOut": null,
              "duration": 13798,
              "state": "passed",
              "speed": "slow",
              "pass": true,
              "fail": false,
              "pending": false,
              "context": null,
              "code": "cy.visit(\"\");\ncy.navValidation(pair[0], pair[1], pair[2]);",
              "err": {},
              "uuid": "4a54d03f-08a5-4025-8000-fd26c271166d",
              "parentUUID": "2264e04d-a76e-4beb-a655-c5ea6aade261",
              "isHook": false,
              "skipped": false
            },
            {
              "title": "Verifying Company / Security : Plus pm screen element contains: Visit our trust center",
              "fullTitle": "Burger Navigation Verifying Company / Security : Plus pm screen element contains: Visit our trust center",
              "timedOut": null,
              "duration": 14293,
              "state": "passed",
              "speed": "slow",
              "pass": true,
              "fail": false,
              "pending": false,
              "context": null,
              "code": "cy.visit(\"\");\ncy.navValidation(pair[0], pair[1], pair[2]);",
              "err": {},
              "uuid": "be0450e0-3c2f-4acb-be34-39c1a6fbdb1f",
              "parentUUID": "2264e04d-a76e-4beb-a655-c5ea6aade261",
              "isHook": false,
              "skipped": false
            },
            {
              "title": "Verifying Products / SOC 2 : Plus pm screen element contains: the old way",
              "fullTitle": "Burger Navigation Verifying Products / SOC 2 : Plus pm screen element contains: the old way",
              "timedOut": null,
              "duration": 13209,
              "state": "passed",
              "speed": "slow",
              "pass": true,
              "fail": false,
              "pending": false,
              "context": null,
              "code": "cy.visit(\"\");\ncy.navValidation(pair[0], pair[1], pair[2]);",
              "err": {},
              "uuid": "81b527ad-7060-4a1c-b282-bcfb6681f7c2",
              "parentUUID": "2264e04d-a76e-4beb-a655-c5ea6aade261",
              "isHook": false,
              "skipped": false
            },
            {
              "title": "Verifying Products / ISO 27001 : Plus pm screen element contains: 27001 certification",
              "fullTitle": "Burger Navigation Verifying Products / ISO 27001 : Plus pm screen element contains: 27001 certification",
              "timedOut": null,
              "duration": 11222,
              "state": "passed",
              "speed": "slow",
              "pass": true,
              "fail": false,
              "pending": false,
              "context": null,
              "code": "cy.visit(\"\");\ncy.navValidation(pair[0], pair[1], pair[2]);",
              "err": {},
              "uuid": "fa64a988-7138-4186-8372-8b7f2742b62a",
              "parentUUID": "2264e04d-a76e-4beb-a655-c5ea6aade261",
              "isHook": false,
              "skipped": false
            },
            {
              "title": "Verifying Products / HIPAA : Plus pm screen element contains: What is HIPAA",
              "fullTitle": "Burger Navigation Verifying Products / HIPAA : Plus pm screen element contains: What is HIPAA",
              "timedOut": null,
              "duration": 13521,
              "state": "passed",
              "speed": "slow",
              "pass": true,
              "fail": false,
              "pending": false,
              "context": null,
              "code": "cy.visit(\"\");\ncy.navValidation(pair[0], pair[1], pair[2]);",
              "err": {},
              "uuid": "ed1ca372-3387-496d-afdf-2ea331be47a2",
              "parentUUID": "2264e04d-a76e-4beb-a655-c5ea6aade261",
              "isHook": false,
              "skipped": false
            },
            {
              "title": "Verifying Products / PCI DSS : Plus pm screen element contains: What is PCI DSS",
              "fullTitle": "Burger Navigation Verifying Products / PCI DSS : Plus pm screen element contains: What is PCI DSS",
              "timedOut": null,
              "duration": 16337,
              "state": "passed",
              "speed": "slow",
              "pass": true,
              "fail": false,
              "pending": false,
              "context": null,
              "code": "cy.visit(\"\");\ncy.navValidation(pair[0], pair[1], pair[2]);",
              "err": {},
              "uuid": "9570e7f0-32e2-433e-8e16-5e8f4de4aea5",
              "parentUUID": "2264e04d-a76e-4beb-a655-c5ea6aade261",
              "isHook": false,
              "skipped": false
            },
            {
              "title": "Verifying Products / GDPR : Plus pm screen element contains: What is GDPR",
              "fullTitle": "Burger Navigation Verifying Products / GDPR : Plus pm screen element contains: What is GDPR",
              "timedOut": null,
              "duration": 13740,
              "state": "passed",
              "speed": "slow",
              "pass": true,
              "fail": false,
              "pending": false,
              "context": null,
              "code": "cy.visit(\"\");\ncy.navValidation(pair[0], pair[1], pair[2]);",
              "err": {},
              "uuid": "af9f4da1-360c-4a3f-bf5c-d7b5783b4ec6",
              "parentUUID": "2264e04d-a76e-4beb-a655-c5ea6aade261",
              "isHook": false,
              "skipped": false
            },
            {
              "title": "Verifying Products / CCPA : Plus pm screen element contains: What is CCPA",
              "fullTitle": "Burger Navigation Verifying Products / CCPA : Plus pm screen element contains: What is CCPA",
              "timedOut": null,
              "duration": 14574,
              "state": "passed",
              "speed": "slow",
              "pass": true,
              "fail": false,
              "pending": false,
              "context": null,
              "code": "cy.visit(\"\");\ncy.navValidation(pair[0], pair[1], pair[2]);",
              "err": {},
              "uuid": "7af4e41d-4e2d-46c9-92fc-98f3cf7f35a8",
              "parentUUID": "2264e04d-a76e-4beb-a655-c5ea6aade261",
              "isHook": false,
              "skipped": false
            },
            {
              "title": "Verifying Products / Additional Frameworks : Plus pm screen element contains: What Additional",
              "fullTitle": "Burger Navigation Verifying Products / Additional Frameworks : Plus pm screen element contains: What Additional",
              "timedOut": null,
              "duration": 14122,
              "state": "passed",
              "speed": "slow",
              "pass": true,
              "fail": false,
              "pending": false,
              "context": null,
              "code": "cy.visit(\"\");\ncy.navValidation(pair[0], pair[1], pair[2]);",
              "err": {},
              "uuid": "fa4c1bc9-baee-4e42-8bfc-847f0959a36c",
              "parentUUID": "2264e04d-a76e-4beb-a655-c5ea6aade261",
              "isHook": false,
              "skipped": false
            },
            {
              "title": "Verifying Products / Custom Frameworks : Plus pm screen element contains: Tailor Drata",
              "fullTitle": "Burger Navigation Verifying Products / Custom Frameworks : Plus pm screen element contains: Tailor Drata",
              "timedOut": null,
              "duration": 14459,
              "state": "passed",
              "speed": "slow",
              "pass": true,
              "fail": false,
              "pending": false,
              "context": null,
              "code": "cy.visit(\"\");\ncy.navValidation(pair[0], pair[1], pair[2]);",
              "err": {},
              "uuid": "6c7d0696-535b-4b57-b8c3-f8eeeb47cf2e",
              "parentUUID": "2264e04d-a76e-4beb-a655-c5ea6aade261",
              "isHook": false,
              "skipped": false
            },
            {
              "title": "Verifying Products / Trust Center : Plus pm screen element contains: Make static security",
              "fullTitle": "Burger Navigation Verifying Products / Trust Center : Plus pm screen element contains: Make static security",
              "timedOut": null,
              "duration": 12614,
              "state": "passed",
              "speed": "slow",
              "pass": true,
              "fail": false,
              "pending": false,
              "context": null,
              "code": "cy.visit(\"\");\ncy.navValidation(pair[0], pair[1], pair[2]);",
              "err": {},
              "uuid": "f9e8ebe5-721a-4065-b278-b67517f3a827",
              "parentUUID": "2264e04d-a76e-4beb-a655-c5ea6aade261",
              "isHook": false,
              "skipped": false
            },
            {
              "title": "Verifying Products / Risk Management : Plus pm screen element contains: Build Your Risk Register",
              "fullTitle": "Burger Navigation Verifying Products / Risk Management : Plus pm screen element contains: Build Your Risk Register",
              "timedOut": null,
              "duration": 14522,
              "state": "passed",
              "speed": "slow",
              "pass": true,
              "fail": false,
              "pending": false,
              "context": null,
              "code": "cy.visit(\"\");\ncy.navValidation(pair[0], pair[1], pair[2]);",
              "err": {},
              "uuid": "2c1021e4-ec8c-4d94-8780-17e0b8f8f281",
              "parentUUID": "2264e04d-a76e-4beb-a655-c5ea6aade261",
              "isHook": false,
              "skipped": false
            },
            {
              "title": "Verifying Products / Integrations : Plus pm screen element contains: Observability",
              "fullTitle": "Burger Navigation Verifying Products / Integrations : Plus pm screen element contains: Observability",
              "timedOut": null,
              "duration": 28613,
              "state": "passed",
              "speed": "slow",
              "pass": true,
              "fail": false,
              "pending": false,
              "context": null,
              "code": "cy.visit(\"\");\ncy.navValidation(pair[0], pair[1], pair[2]);",
              "err": {},
              "uuid": "6b517d9a-2afa-4307-a7eb-dadf2f7da2e6",
              "parentUUID": "2264e04d-a76e-4beb-a655-c5ea6aade261",
              "isHook": false,
              "skipped": false
            },
            {
              "title": "Verifying Resources / Prioritizing SOC 2 : Plus pm screen element contains: ABOUT TRUST & WILL",
              "fullTitle": "Burger Navigation Verifying Resources / Prioritizing SOC 2 : Plus pm screen element contains: ABOUT TRUST & WILL",
              "timedOut": null,
              "duration": 14930,
              "state": "passed",
              "speed": "slow",
              "pass": true,
              "fail": false,
              "pending": false,
              "context": null,
              "code": "cy.visit(\"\");\ncy.navValidation(pair[0], pair[1], pair[2]);",
              "err": {},
              "uuid": "56e16da4-1376-4062-896d-6ea026626397",
              "parentUUID": "2264e04d-a76e-4beb-a655-c5ea6aade261",
              "isHook": false,
              "skipped": false
            },
            {
              "title": "Verifying Resources / Getting SOC 2 : Plus pm screen element contains: ABOUT ITERATIVELY",
              "fullTitle": "Burger Navigation Verifying Resources / Getting SOC 2 : Plus pm screen element contains: ABOUT ITERATIVELY",
              "timedOut": null,
              "duration": 14602,
              "state": "passed",
              "speed": "slow",
              "pass": true,
              "fail": false,
              "pending": false,
              "context": null,
              "code": "cy.visit(\"\");\ncy.navValidation(pair[0], pair[1], pair[2]);",
              "err": {},
              "uuid": "3a389e47-8820-4203-83be-474b3f6f43ca",
              "parentUUID": "2264e04d-a76e-4beb-a655-c5ea6aade261",
              "isHook": false,
              "skipped": false
            },
            {
              "title": "Verifying Resources / Leveling Up : Plus pm screen element contains: ABOUT CHAMELEON",
              "fullTitle": "Burger Navigation Verifying Resources / Leveling Up : Plus pm screen element contains: ABOUT CHAMELEON",
              "timedOut": null,
              "duration": 13259,
              "state": "passed",
              "speed": "slow",
              "pass": true,
              "fail": false,
              "pending": false,
              "context": null,
              "code": "cy.visit(\"\");\ncy.navValidation(pair[0], pair[1], pair[2]);",
              "err": {},
              "uuid": "f56e722f-763f-4dfd-be54-ef1b188983e4",
              "parentUUID": "2264e04d-a76e-4beb-a655-c5ea6aade261",
              "isHook": false,
              "skipped": false
            },
            {
              "title": "Verifying Resources / Your SOC 2 Readiness : Plus pm screen element contains: SOC 2 Report",
              "fullTitle": "Burger Navigation Verifying Resources / Your SOC 2 Readiness : Plus pm screen element contains: SOC 2 Report",
              "timedOut": null,
              "duration": 13723,
              "state": "passed",
              "speed": "slow",
              "pass": true,
              "fail": false,
              "pending": false,
              "context": null,
              "code": "cy.visit(\"\");\ncy.navValidation(pair[0], pair[1], pair[2]);",
              "err": {},
              "uuid": "a8b9b89e-bda3-4fd8-aa64-66e5d32baf16",
              "parentUUID": "2264e04d-a76e-4beb-a655-c5ea6aade261",
              "isHook": false,
              "skipped": false
            },
            {
              "title": "Verifying Resources / Drata Blog : Plus pm screen element contains: BLOG ARTICLE",
              "fullTitle": "Burger Navigation Verifying Resources / Drata Blog : Plus pm screen element contains: BLOG ARTICLE",
              "timedOut": null,
              "duration": 18345,
              "state": "passed",
              "speed": "slow",
              "pass": true,
              "fail": false,
              "pending": false,
              "context": null,
              "code": "cy.visit(\"\");\ncy.navValidation(pair[0], pair[1], pair[2]);",
              "err": {},
              "uuid": "64ad8b82-2f78-4b06-8eb4-fcb2098d9462",
              "parentUUID": "2264e04d-a76e-4beb-a655-c5ea6aade261",
              "isHook": false,
              "skipped": false
            },
            {
              "title": "Verifying Customers / null : Plus pm screen element contains: Read Case Study",
              "fullTitle": "Burger Navigation Verifying Customers / null : Plus pm screen element contains: Read Case Study",
              "timedOut": null,
              "duration": 21954,
              "state": "passed",
              "speed": "slow",
              "pass": true,
              "fail": false,
              "pending": false,
              "context": null,
              "code": "cy.visit(\"\");\ncy.navValidation(pair[0], pair[1], pair[2]);",
              "err": {},
              "uuid": "1875af02-5b84-4b0d-abfe-ecd411c4774e",
              "parentUUID": "2264e04d-a76e-4beb-a655-c5ea6aade261",
              "isHook": false,
              "skipped": false
            },
            {
              "title": "Verifying Auditors / null : Plus pm screen element contains: Why Auditors",
              "fullTitle": "Burger Navigation Verifying Auditors / null : Plus pm screen element contains: Why Auditors",
              "timedOut": null,
              "duration": 11962,
              "state": "passed",
              "speed": "slow",
              "pass": true,
              "fail": false,
              "pending": false,
              "context": null,
              "code": "cy.visit(\"\");\ncy.navValidation(pair[0], pair[1], pair[2]);",
              "err": {},
              "uuid": "e520f341-40bf-49ba-9194-ad3be0ffd55e",
              "parentUUID": "2264e04d-a76e-4beb-a655-c5ea6aade261",
              "isHook": false,
              "skipped": false
            },
            {
              "title": "Verify Resources / All Case Studies Resources Contains: Case Studies Button",
              "fullTitle": "Burger Navigation Verify Resources / All Case Studies Resources Contains: Case Studies Button",
              "timedOut": null,
              "duration": 12450,
              "state": "passed",
              "speed": "slow",
              "pass": true,
              "fail": false,
              "pending": false,
              "context": null,
              "code": "cy.visit(\"\");\ncy.navValEl(\"Resources\", \"All Resources\", Resource.caseStudies);",
              "err": {},
              "uuid": "d44945bf-2704-4f9a-805f-692e5d1fc39b",
              "parentUUID": "2264e04d-a76e-4beb-a655-c5ea6aade261",
              "isHook": false,
              "skipped": false
            },
            {
              "title": "Verify Resources / All Resources Contains: Case Studies Button",
              "fullTitle": "Burger Navigation Verify Resources / All Resources Contains: Case Studies Button",
              "timedOut": null,
              "duration": 13515,
              "state": "passed",
              "speed": "slow",
              "pass": true,
              "fail": false,
              "pending": false,
              "context": null,
              "code": "cy.visit(\"\");\ncy.navValEl(\"Resources\", \"All Resources\", Resource.all);",
              "err": {},
              "uuid": "1a81bde7-410d-4ad8-ba0f-543154fb6047",
              "parentUUID": "2264e04d-a76e-4beb-a655-c5ea6aade261",
              "isHook": false,
              "skipped": false
            }
          ],
          "suites": [],
          "passes": [
            "4dfa946c-6c48-4449-a37a-2abda558787e",
            "5a9108a7-6ffc-41df-8cda-dfa74d60d545",
            "4a54d03f-08a5-4025-8000-fd26c271166d",
            "be0450e0-3c2f-4acb-be34-39c1a6fbdb1f",
            "81b527ad-7060-4a1c-b282-bcfb6681f7c2",
            "fa64a988-7138-4186-8372-8b7f2742b62a",
            "ed1ca372-3387-496d-afdf-2ea331be47a2",
            "9570e7f0-32e2-433e-8e16-5e8f4de4aea5",
            "af9f4da1-360c-4a3f-bf5c-d7b5783b4ec6",
            "7af4e41d-4e2d-46c9-92fc-98f3cf7f35a8",
            "fa4c1bc9-baee-4e42-8bfc-847f0959a36c",
            "6c7d0696-535b-4b57-b8c3-f8eeeb47cf2e",
            "f9e8ebe5-721a-4065-b278-b67517f3a827",
            "2c1021e4-ec8c-4d94-8780-17e0b8f8f281",
            "6b517d9a-2afa-4307-a7eb-dadf2f7da2e6",
            "56e16da4-1376-4062-896d-6ea026626397",
            "3a389e47-8820-4203-83be-474b3f6f43ca",
            "f56e722f-763f-4dfd-be54-ef1b188983e4",
            "a8b9b89e-bda3-4fd8-aa64-66e5d32baf16",
            "64ad8b82-2f78-4b06-8eb4-fcb2098d9462",
            "1875af02-5b84-4b0d-abfe-ecd411c4774e",
            "e520f341-40bf-49ba-9194-ad3be0ffd55e",
            "d44945bf-2704-4f9a-805f-692e5d1fc39b",
            "1a81bde7-410d-4ad8-ba0f-543154fb6047"
          ],
          "failures": [],
          "pending": [],
          "skipped": [],
          "duration": 367461,
          "root": false,
          "rootEmpty": false,
          "_timeout": 2000
        }
      ],
      "passes": [],
      "failures": [],
      "pending": [],
      "skipped": [],
      "duration": 0,
      "root": true,
      "rootEmpty": true,
      "_timeout": 2000
    }
  ],
  "meta": {
    "mocha": {
      "version": "7.0.1"
    },
    "mochawesome": {
      "options": {
        "quiet": false,
        "reportFilename": "mochawesome",
        "saveHtml": true,
        "saveJson": true,
        "consoleReporter": "spec",
        "useInlineDiffs": false,
        "code": true
      },
      "version": "7.1.3"
    },
    "marge": {
      "options": null,
      "version": "6.2.0"
    }
  }
}